<?xml version="1.0" encoding="UTF-8"?>
<testng-results skipped="0" failed="0" total="1" passed="1">
  <reporter-output>
  </reporter-output>
  <suite name="Default suite" duration-ms="54813" started-at="2020-12-08T04:36:30Z" finished-at="2020-12-08T04:37:25Z">
    <groups>
      <group name="cucumber">
        <method signature="AbstractTestNGCucumberTests.feature(cucumber.api.testng.CucumberFeatureWrapper)[pri:0, instance:test_runner.Test_Runner@246ae04d]" name="feature" class="cucumber.api.testng.AbstractTestNGCucumberTests"/>
      </group> <!-- cucumber -->
    </groups>
    <test name="Default test" duration-ms="54813" started-at="2020-12-08T04:36:30Z" finished-at="2020-12-08T04:37:25Z">
      <class name="test_runner.Test_Runner">
        <test-method status="PASS" signature="setUpClass()[pri:0, instance:test_runner.Test_Runner@246ae04d]" name="setUpClass" is-config="true" duration-ms="543" started-at="2020-12-08T10:06:30Z" finished-at="2020-12-08T10:06:31Z">
          <reporter-output>
          </reporter-output>
        </test-method> <!-- setUpClass -->
        <test-method status="PASS" signature="feature(cucumber.api.testng.CucumberFeatureWrapper)[pri:0, instance:test_runner.Test_Runner@246ae04d]" name="feature" duration-ms="54044" started-at="2020-12-08T10:06:31Z" description="Runs Cucumber Feature" data-provider="features" finished-at="2020-12-08T10:07:25Z">
          <params>
            <param index="0">
              <value>
                <![CDATA[Add to cart  Action]]>
              </value>
            </param>
          </params>
          <reporter-output>
          </reporter-output>
        </test-method> <!-- feature -->
        <test-method status="PASS" signature="tearDownClass()[pri:0, instance:test_runner.Test_Runner@246ae04d]" name="tearDownClass" is-config="true" duration-ms="8" started-at="2020-12-08T10:07:25Z" finished-at="2020-12-08T10:07:25Z">
          <reporter-output>
          </reporter-output>
        </test-method> <!-- tearDownClass -->
      </class> <!-- test_runner.Test_Runner -->
    </test> <!-- Default test -->
  </suite> <!-- Default suite -->
</testng-results>
